<?xml version="1.0" encoding="UTF-8"?>
<!-- Generated by org.testng.reporters.JUnitReportReporter -->
<testsuite hostname="MPL-6YL7573" failures="0" tests="2" name="com.project.automaxn.MedicalLogTest" time="29.214" errors="0" timestamp="2024-12-03T23:36:41 IST" skipped="0">
  <testcase classname="com.project.automaxn.MedicalLogTest" name="verifyLogin" time="29.213"/>
  <testcase classname="com.project.automaxn.MedicalLogTest" name="verifyLogOut" time="0.001"/>
</testsuite> <!-- com.project.automaxn.MedicalLogTest -->
