<?xml version="1.0" encoding="UTF-8"?>
<!-- Generated by org.testng.reporters.JUnitReportReporter -->
<testsuite hostname="MPL-6YL7573" failures="0" tests="2" name="com.project.automaxn.AppTest" time="0.007" errors="0" timestamp="2024-12-03T23:36:41 IST" skipped="0">
  <testcase classname="com.project.automaxn.AppTest" name="shouldAnswerWithFalse" time="0.005"/>
  <testcase classname="com.project.automaxn.AppTest" name="shouldAnswerWithTrue" time="0.002"/>
</testsuite> <!-- com.project.automaxn.AppTest -->
